<?xml version="1.0" encoding="UTF-8"?>
<testsuite xmlns:xsi="http://www.w3.org/2001/XMLSchema-instance" xsi:noNamespaceSchemaLocation="https://maven.apache.org/surefire/maven-surefire-plugin/xsd/surefire-test-report.xsd" name="TestSuite" time="10.904" tests="3" errors="0" skipped="0" failures="1">
  <properties>
    <property name="java.specification.version" value="17"/>
    <property name="sun.jnu.encoding" value="UTF-8"/>
    <property name="java.class.path" value="/Users/sharathdurgam/eclipse-workspace/SampleTest/target/test-classes:/Users/sharathdurgam/eclipse-workspace/SampleTest/target/classes:/Users/sharathdurgam/.m2/repository/junit/junit/4.11/junit-4.11.jar:/Users/sharathdurgam/.m2/repository/org/hamcrest/hamcrest-core/1.3/hamcrest-core-1.3.jar:/Users/sharathdurgam/.m2/repository/org/testng/testng/7.4.0/testng-7.4.0.jar:/Users/sharathdurgam/.m2/repository/com/beust/jcommander/1.78/jcommander-1.78.jar:/Users/sharathdurgam/.m2/repository/org/webjars/jquery/3.5.1/jquery-3.5.1.jar:/Users/sharathdurgam/.m2/repository/org/seleniumhq/selenium/selenium-java/3.141.59/selenium-java-3.141.59.jar:/Users/sharathdurgam/.m2/repository/org/seleniumhq/selenium/selenium-api/3.141.59/selenium-api-3.141.59.jar:/Users/sharathdurgam/.m2/repository/org/seleniumhq/selenium/selenium-chrome-driver/3.141.59/selenium-chrome-driver-3.141.59.jar:/Users/sharathdurgam/.m2/repository/org/seleniumhq/selenium/selenium-edge-driver/3.141.59/selenium-edge-driver-3.141.59.jar:/Users/sharathdurgam/.m2/repository/org/seleniumhq/selenium/selenium-firefox-driver/3.141.59/selenium-firefox-driver-3.141.59.jar:/Users/sharathdurgam/.m2/repository/org/seleniumhq/selenium/selenium-ie-driver/3.141.59/selenium-ie-driver-3.141.59.jar:/Users/sharathdurgam/.m2/repository/org/seleniumhq/selenium/selenium-opera-driver/3.141.59/selenium-opera-driver-3.141.59.jar:/Users/sharathdurgam/.m2/repository/org/seleniumhq/selenium/selenium-remote-driver/3.141.59/selenium-remote-driver-3.141.59.jar:/Users/sharathdurgam/.m2/repository/org/seleniumhq/selenium/selenium-safari-driver/3.141.59/selenium-safari-driver-3.141.59.jar:/Users/sharathdurgam/.m2/repository/org/seleniumhq/selenium/selenium-support/3.141.59/selenium-support-3.141.59.jar:/Users/sharathdurgam/.m2/repository/net/bytebuddy/byte-buddy/1.8.15/byte-buddy-1.8.15.jar:/Users/sharathdurgam/.m2/repository/org/apache/commons/commons-exec/1.3/commons-exec-1.3.jar:/Users/sharathdurgam/.m2/repository/com/google/guava/guava/25.0-jre/guava-25.0-jre.jar:/Users/sharathdurgam/.m2/repository/com/google/code/findbugs/jsr305/1.3.9/jsr305-1.3.9.jar:/Users/sharathdurgam/.m2/repository/org/checkerframework/checker-compat-qual/2.0.0/checker-compat-qual-2.0.0.jar:/Users/sharathdurgam/.m2/repository/com/google/errorprone/error_prone_annotations/2.1.3/error_prone_annotations-2.1.3.jar:/Users/sharathdurgam/.m2/repository/com/google/j2objc/j2objc-annotations/1.1/j2objc-annotations-1.1.jar:/Users/sharathdurgam/.m2/repository/org/codehaus/mojo/animal-sniffer-annotations/1.14/animal-sniffer-annotations-1.14.jar:/Users/sharathdurgam/.m2/repository/com/squareup/okhttp3/okhttp/3.11.0/okhttp-3.11.0.jar:/Users/sharathdurgam/.m2/repository/com/squareup/okio/okio/1.14.0/okio-1.14.0.jar:/Users/sharathdurgam/.m2/repository/io/rest-assured/rest-assured/5.0.1/rest-assured-5.0.1.jar:/Users/sharathdurgam/.m2/repository/org/apache/groovy/groovy/4.0.1/groovy-4.0.1.jar:/Users/sharathdurgam/.m2/repository/org/apache/groovy/groovy-xml/4.0.1/groovy-xml-4.0.1.jar:/Users/sharathdurgam/.m2/repository/org/apache/httpcomponents/httpclient/4.5.13/httpclient-4.5.13.jar:/Users/sharathdurgam/.m2/repository/org/apache/httpcomponents/httpcore/4.4.13/httpcore-4.4.13.jar:/Users/sharathdurgam/.m2/repository/commons-logging/commons-logging/1.2/commons-logging-1.2.jar:/Users/sharathdurgam/.m2/repository/commons-codec/commons-codec/1.11/commons-codec-1.11.jar:/Users/sharathdurgam/.m2/repository/org/apache/httpcomponents/httpmime/4.5.13/httpmime-4.5.13.jar:/Users/sharathdurgam/.m2/repository/org/hamcrest/hamcrest/2.1/hamcrest-2.1.jar:/Users/sharathdurgam/.m2/repository/org/ccil/cowan/tagsoup/tagsoup/1.2.1/tagsoup-1.2.1.jar:/Users/sharathdurgam/.m2/repository/io/rest-assured/xml-path/5.0.1/xml-path-5.0.1.jar:/Users/sharathdurgam/.m2/repository/org/apache/commons/commons-lang3/3.11/commons-lang3-3.11.jar:/Users/sharathdurgam/.m2/repository/io/rest-assured/json-path/5.0.1/json-path-5.0.1.jar:/Users/sharathdurgam/.m2/repository/org/apache/groovy/groovy-json/4.0.1/groovy-json-4.0.1.jar:/Users/sharathdurgam/.m2/repository/io/rest-assured/rest-assured-common/5.0.1/rest-assured-common-5.0.1.jar:/Users/sharathdurgam/.m2/repository/io/rest-assured/json-schema-validator/5.0.1/json-schema-validator-5.0.1.jar:/Users/sharathdurgam/.m2/repository/com/github/java-json-tools/json-schema-validator/2.2.14/json-schema-validator-2.2.14.jar:/Users/sharathdurgam/.m2/repository/com/github/java-json-tools/jackson-coreutils-equivalence/1.0/jackson-coreutils-equivalence-1.0.jar:/Users/sharathdurgam/.m2/repository/com/fasterxml/jackson/core/jackson-databind/2.11.0/jackson-databind-2.11.0.jar:/Users/sharathdurgam/.m2/repository/com/fasterxml/jackson/core/jackson-annotations/2.11.0/jackson-annotations-2.11.0.jar:/Users/sharathdurgam/.m2/repository/com/fasterxml/jackson/core/jackson-core/2.11.0/jackson-core-2.11.0.jar:/Users/sharathdurgam/.m2/repository/com/github/java-json-tools/jackson-coreutils/2.0/jackson-coreutils-2.0.jar:/Users/sharathdurgam/.m2/repository/com/github/java-json-tools/msg-simple/1.2/msg-simple-1.2.jar:/Users/sharathdurgam/.m2/repository/com/github/java-json-tools/btf/1.3/btf-1.3.jar:/Users/sharathdurgam/.m2/repository/com/github/java-json-tools/json-schema-core/1.2.14/json-schema-core-1.2.14.jar:/Users/sharathdurgam/.m2/repository/com/github/java-json-tools/uri-template/0.10/uri-template-0.10.jar:/Users/sharathdurgam/.m2/repository/org/mozilla/rhino/1.7.7.2/rhino-1.7.7.2.jar:/Users/sharathdurgam/.m2/repository/com/sun/mail/mailapi/1.6.2/mailapi-1.6.2.jar:/Users/sharathdurgam/.m2/repository/joda-time/joda-time/2.10.5/joda-time-2.10.5.jar:/Users/sharathdurgam/.m2/repository/com/googlecode/libphonenumber/libphonenumber/8.11.1/libphonenumber-8.11.1.jar:/Users/sharathdurgam/.m2/repository/net/sf/jopt-simple/jopt-simple/5.0.4/jopt-simple-5.0.4.jar:"/>
    <property name="java.vm.vendor" value="Eclipse Adoptium"/>
    <property name="sun.arch.data.model" value="64"/>
    <property name="java.vendor.url" value="https://adoptium.net/"/>
    <property name="os.name" value="Mac OS X"/>
    <property name="java.vm.specification.version" value="17"/>
    <property name="sun.java.launcher" value="SUN_STANDARD"/>
    <property name="user.country" value="GB"/>
    <property name="sun.boot.library.path" value="/Users/sharathdurgam/.p2/pool/plugins/org.eclipse.justj.openjdk.hotspot.jre.full.macosx.x86_64_17.0.1.v20211116-1657/jre/lib"/>
    <property name="sun.java.command" value="/Users/sharathdurgam/eclipse-workspace/SampleTest/target/surefire/surefirebooter6826711702855143934.jar /Users/sharathdurgam/eclipse-workspace/SampleTest/target/surefire 2022-05-23T10-31-14_379-jvmRun1 surefire8811940284799860508tmp surefire_02250297073980322688tmp"/>
    <property name="http.nonProxyHosts" value="local|*.local|169.254/16|*.169.254/16"/>
    <property name="jdk.debug" value="release"/>
    <property name="surefire.test.class.path" value="/Users/sharathdurgam/eclipse-workspace/SampleTest/target/test-classes:/Users/sharathdurgam/eclipse-workspace/SampleTest/target/classes:/Users/sharathdurgam/.m2/repository/junit/junit/4.11/junit-4.11.jar:/Users/sharathdurgam/.m2/repository/org/hamcrest/hamcrest-core/1.3/hamcrest-core-1.3.jar:/Users/sharathdurgam/.m2/repository/org/testng/testng/7.4.0/testng-7.4.0.jar:/Users/sharathdurgam/.m2/repository/com/beust/jcommander/1.78/jcommander-1.78.jar:/Users/sharathdurgam/.m2/repository/org/webjars/jquery/3.5.1/jquery-3.5.1.jar:/Users/sharathdurgam/.m2/repository/org/seleniumhq/selenium/selenium-java/3.141.59/selenium-java-3.141.59.jar:/Users/sharathdurgam/.m2/repository/org/seleniumhq/selenium/selenium-api/3.141.59/selenium-api-3.141.59.jar:/Users/sharathdurgam/.m2/repository/org/seleniumhq/selenium/selenium-chrome-driver/3.141.59/selenium-chrome-driver-3.141.59.jar:/Users/sharathdurgam/.m2/repository/org/seleniumhq/selenium/selenium-edge-driver/3.141.59/selenium-edge-driver-3.141.59.jar:/Users/sharathdurgam/.m2/repository/org/seleniumhq/selenium/selenium-firefox-driver/3.141.59/selenium-firefox-driver-3.141.59.jar:/Users/sharathdurgam/.m2/repository/org/seleniumhq/selenium/selenium-ie-driver/3.141.59/selenium-ie-driver-3.141.59.jar:/Users/sharathdurgam/.m2/repository/org/seleniumhq/selenium/selenium-opera-driver/3.141.59/selenium-opera-driver-3.141.59.jar:/Users/sharathdurgam/.m2/repository/org/seleniumhq/selenium/selenium-remote-driver/3.141.59/selenium-remote-driver-3.141.59.jar:/Users/sharathdurgam/.m2/repository/org/seleniumhq/selenium/selenium-safari-driver/3.141.59/selenium-safari-driver-3.141.59.jar:/Users/sharathdurgam/.m2/repository/org/seleniumhq/selenium/selenium-support/3.141.59/selenium-support-3.141.59.jar:/Users/sharathdurgam/.m2/repository/net/bytebuddy/byte-buddy/1.8.15/byte-buddy-1.8.15.jar:/Users/sharathdurgam/.m2/repository/org/apache/commons/commons-exec/1.3/commons-exec-1.3.jar:/Users/sharathdurgam/.m2/repository/com/google/guava/guava/25.0-jre/guava-25.0-jre.jar:/Users/sharathdurgam/.m2/repository/com/google/code/findbugs/jsr305/1.3.9/jsr305-1.3.9.jar:/Users/sharathdurgam/.m2/repository/org/checkerframework/checker-compat-qual/2.0.0/checker-compat-qual-2.0.0.jar:/Users/sharathdurgam/.m2/repository/com/google/errorprone/error_prone_annotations/2.1.3/error_prone_annotations-2.1.3.jar:/Users/sharathdurgam/.m2/repository/com/google/j2objc/j2objc-annotations/1.1/j2objc-annotations-1.1.jar:/Users/sharathdurgam/.m2/repository/org/codehaus/mojo/animal-sniffer-annotations/1.14/animal-sniffer-annotations-1.14.jar:/Users/sharathdurgam/.m2/repository/com/squareup/okhttp3/okhttp/3.11.0/okhttp-3.11.0.jar:/Users/sharathdurgam/.m2/repository/com/squareup/okio/okio/1.14.0/okio-1.14.0.jar:/Users/sharathdurgam/.m2/repository/io/rest-assured/rest-assured/5.0.1/rest-assured-5.0.1.jar:/Users/sharathdurgam/.m2/repository/org/apache/groovy/groovy/4.0.1/groovy-4.0.1.jar:/Users/sharathdurgam/.m2/repository/org/apache/groovy/groovy-xml/4.0.1/groovy-xml-4.0.1.jar:/Users/sharathdurgam/.m2/repository/org/apache/httpcomponents/httpclient/4.5.13/httpclient-4.5.13.jar:/Users/sharathdurgam/.m2/repository/org/apache/httpcomponents/httpcore/4.4.13/httpcore-4.4.13.jar:/Users/sharathdurgam/.m2/repository/commons-logging/commons-logging/1.2/commons-logging-1.2.jar:/Users/sharathdurgam/.m2/repository/commons-codec/commons-codec/1.11/commons-codec-1.11.jar:/Users/sharathdurgam/.m2/repository/org/apache/httpcomponents/httpmime/4.5.13/httpmime-4.5.13.jar:/Users/sharathdurgam/.m2/repository/org/hamcrest/hamcrest/2.1/hamcrest-2.1.jar:/Users/sharathdurgam/.m2/repository/org/ccil/cowan/tagsoup/tagsoup/1.2.1/tagsoup-1.2.1.jar:/Users/sharathdurgam/.m2/repository/io/rest-assured/xml-path/5.0.1/xml-path-5.0.1.jar:/Users/sharathdurgam/.m2/repository/org/apache/commons/commons-lang3/3.11/commons-lang3-3.11.jar:/Users/sharathdurgam/.m2/repository/io/rest-assured/json-path/5.0.1/json-path-5.0.1.jar:/Users/sharathdurgam/.m2/repository/org/apache/groovy/groovy-json/4.0.1/groovy-json-4.0.1.jar:/Users/sharathdurgam/.m2/repository/io/rest-assured/rest-assured-common/5.0.1/rest-assured-common-5.0.1.jar:/Users/sharathdurgam/.m2/repository/io/rest-assured/json-schema-validator/5.0.1/json-schema-validator-5.0.1.jar:/Users/sharathdurgam/.m2/repository/com/github/java-json-tools/json-schema-validator/2.2.14/json-schema-validator-2.2.14.jar:/Users/sharathdurgam/.m2/repository/com/github/java-json-tools/jackson-coreutils-equivalence/1.0/jackson-coreutils-equivalence-1.0.jar:/Users/sharathdurgam/.m2/repository/com/fasterxml/jackson/core/jackson-databind/2.11.0/jackson-databind-2.11.0.jar:/Users/sharathdurgam/.m2/repository/com/fasterxml/jackson/core/jackson-annotations/2.11.0/jackson-annotations-2.11.0.jar:/Users/sharathdurgam/.m2/repository/com/fasterxml/jackson/core/jackson-core/2.11.0/jackson-core-2.11.0.jar:/Users/sharathdurgam/.m2/repository/com/github/java-json-tools/jackson-coreutils/2.0/jackson-coreutils-2.0.jar:/Users/sharathdurgam/.m2/repository/com/github/java-json-tools/msg-simple/1.2/msg-simple-1.2.jar:/Users/sharathdurgam/.m2/repository/com/github/java-json-tools/btf/1.3/btf-1.3.jar:/Users/sharathdurgam/.m2/repository/com/github/java-json-tools/json-schema-core/1.2.14/json-schema-core-1.2.14.jar:/Users/sharathdurgam/.m2/repository/com/github/java-json-tools/uri-template/0.10/uri-template-0.10.jar:/Users/sharathdurgam/.m2/repository/org/mozilla/rhino/1.7.7.2/rhino-1.7.7.2.jar:/Users/sharathdurgam/.m2/repository/com/sun/mail/mailapi/1.6.2/mailapi-1.6.2.jar:/Users/sharathdurgam/.m2/repository/joda-time/joda-time/2.10.5/joda-time-2.10.5.jar:/Users/sharathdurgam/.m2/repository/com/googlecode/libphonenumber/libphonenumber/8.11.1/libphonenumber-8.11.1.jar:/Users/sharathdurgam/.m2/repository/net/sf/jopt-simple/jopt-simple/5.0.4/jopt-simple-5.0.4.jar:"/>
    <property name="sun.cpu.endian" value="little"/>
    <property name="user.home" value="/Users/sharathdurgam"/>
    <property name="user.language" value="en"/>
    <property name="java.specification.vendor" value="Oracle Corporation"/>
    <property name="java.version.date" value="2021-10-19"/>
    <property name="java.home" value="/Users/sharathdurgam/.p2/pool/plugins/org.eclipse.justj.openjdk.hotspot.jre.full.macosx.x86_64_17.0.1.v20211116-1657/jre"/>
    <property name="file.separator" value="/"/>
    <property name="basedir" value="/Users/sharathdurgam/eclipse-workspace/SampleTest"/>
    <property name="java.vm.compressedOopsMode" value="Zero based"/>
    <property name="line.separator" value="&#10;"/>
    <property name="java.specification.name" value="Java Platform API Specification"/>
    <property name="java.vm.specification.vendor" value="Oracle Corporation"/>
    <property name="surefire.real.class.path" value="/Users/sharathdurgam/eclipse-workspace/SampleTest/target/surefire/surefirebooter6826711702855143934.jar"/>
    <property name="sun.management.compiler" value="HotSpot 64-Bit Tiered Compilers"/>
    <property name="ftp.nonProxyHosts" value="local|*.local|169.254/16|*.169.254/16"/>
    <property name="java.runtime.version" value="17.0.1+12"/>
    <property name="user.name" value="sharathdurgam"/>
    <property name="path.separator" value=":"/>
    <property name="os.version" value="11.4"/>
    <property name="java.runtime.name" value="OpenJDK Runtime Environment"/>
    <property name="file.encoding" value="UTF-8"/>
    <property name="java.vm.name" value="OpenJDK 64-Bit Server VM"/>
    <property name="java.vendor.version" value="Temurin-17.0.1+12"/>
    <property name="localRepository" value="/Users/sharathdurgam/.m2/repository"/>
    <property name="java.vendor.url.bug" value="https://github.com/adoptium/adoptium-support/issues"/>
    <property name="java.io.tmpdir" value="/var/folders/60/x6k0nc5x1dq82bzq3nwjfgtm0000gn/T/"/>
    <property name="java.version" value="17.0.1"/>
    <property name="user.dir" value="/Users/sharathdurgam/eclipse-workspace/SampleTest"/>
    <property name="os.arch" value="x86_64"/>
    <property name="java.vm.specification.name" value="Java Virtual Machine Specification"/>
    <property name="native.encoding" value="UTF-8"/>
    <property name="java.library.path" value="/Users/sharathdurgam/Library/Java/Extensions:/Library/Java/Extensions:/Network/Library/Java/Extensions:/System/Library/Java/Extensions:/usr/lib/java:."/>
    <property name="java.vm.info" value="mixed mode"/>
    <property name="java.vendor" value="Eclipse Adoptium"/>
    <property name="java.vm.version" value="17.0.1+12"/>
    <property name="sun.io.unicode.encoding" value="UnicodeBig"/>
    <property name="socksNonProxyHosts" value="local|*.local|169.254/16|*.169.254/16"/>
    <property name="java.class.version" value="61.0"/>
  </properties>
  <testcase name="f" classname="com.test.shop.SampleTest.testscript.SampleProgram" time="0.232">
    <failure message="java.lang.reflect.InvocationTargetException&#10;Build info: version: &apos;3.141.59&apos;, revision: &apos;e82be7d358&apos;, time: &apos;2018-11-14T08:17:03&apos;&#10;System info: host: &apos;SharathDurgams-MacBook-Pro.local&apos;, ip: &apos;fe80:0:0:0:18b2:8ed4:70b9:f4da%en0&apos;, os.name: &apos;Mac OS X&apos;, os.arch: &apos;x86_64&apos;, os.version: &apos;11.4&apos;, java.version: &apos;17.0.1&apos;&#10;Driver info: driver.version: RemoteWebDriver" type="org.openqa.selenium.json.JsonException">org.openqa.selenium.json.JsonException: 
java.lang.reflect.InvocationTargetException
Build info: version: '3.141.59', revision: 'e82be7d358', time: '2018-11-14T08:17:03'
System info: host: 'SharathDurgams-MacBook-Pro.local', ip: 'fe80:0:0:0:18b2:8ed4:70b9:f4da%en0', os.name: 'Mac OS X', os.arch: 'x86_64', os.version: '11.4', java.version: '17.0.1'
Driver info: driver.version: RemoteWebDriver
	at com.test.shop.SampleTest.testscript.SampleProgram.f(SampleProgram.java:27)
Caused by: java.lang.reflect.InvocationTargetException
	at com.test.shop.SampleTest.testscript.SampleProgram.f(SampleProgram.java:27)
Caused by: org.openqa.selenium.NoSuchWindowException: 
no such window: window was already closed
  (Session info: chrome=101.0.4951.64)
Build info: version: '3.141.59', revision: 'e82be7d358', time: '2018-11-14T08:17:03'
System info: host: 'SharathDurgams-MacBook-Pro.local', ip: 'fe80:0:0:0:18b2:8ed4:70b9:f4da%en0', os.name: 'Mac OS X', os.arch: 'x86_64', os.version: '11.4', java.version: '17.0.1'
Driver info: org.openqa.selenium.chrome.ChromeDriver
Capabilities {acceptInsecureCerts: false, browserName: chrome, browserVersion: 101.0.4951.64, chrome: {chromedriverVersion: 101.0.4951.41 (93c720db8323..., userDataDir: /var/folders/60/x6k0nc5x1dq...}, goog:chromeOptions: {debuggerAddress: localhost:58790}, javascriptEnabled: true, networkConnectionEnabled: false, pageLoadStrategy: normal, platform: MAC, platformName: MAC, proxy: Proxy(), setWindowRect: true, strictFileInteractability: false, timeouts: {implicit: 0, pageLoad: 300000, script: 30000}, unhandledPromptBehavior: dismiss and notify, webauthn:extension:credBlob: true, webauthn:extension:largeBlob: true, webauthn:virtualAuthenticators: true}
Session ID: fa96ad4e9770e0f8ceddffa39989147f
*** Element info: {Using=id, value=dropdown-products}
	at com.test.shop.SampleTest.testscript.SampleProgram.f(SampleProgram.java:27)
</failure>
    <system-out><![CDATA[test start
]]></system-out>
    <system-err><![CDATA[Starting ChromeDriver 101.0.4951.41 (93c720db8323b3ec10d056025ab95c23a31997c9-refs/branch-heads/4951@{#904}) on port 30095
Only local connections are allowed.
Please see https://chromedriver.chromium.org/security-considerations for suggestions on keeping ChromeDriver safe.
ChromeDriver was started successfully.
May 23, 2022 10:31:17 AM org.openqa.selenium.remote.ProtocolHandshake createSession
INFO: Detected dialect: W3C
]]></system-err>
  </testcase>
  <testcase name="TokenCreation" classname="com.apiTest.Authentication" time="3.333"/>
  <testcase name="PasswordRest" classname="com.apiTest.Authentication" time="0.82"/>
</testsuite>