<?xml version="1.0" encoding="UTF-8"?>
<!-- Generated by org.testng.reporters.JUnitReportReporter -->
<testsuite hostname="SharathDurgams-MacBook-Pro.local" failures="0" tests="2" name="com.apiTest.Authentication" time="4.644" errors="0" timestamp="2022-05-23T10:17:55 CEST" skipped="0">
  <testcase classname="com.apiTest.Authentication" name="PasswordRest" time="0.915"/>
  <system-out/>
  <testcase classname="com.apiTest.Authentication" name="TokenCreation" time="3.729"/>
  <system-out/>
</testsuite> <!-- com.apiTest.Authentication -->
